<?xml version="1.0" encoding="UTF-8"?>
<testng-results ignored="0" total="1" passed="1" failed="0" skipped="0">
  <reporter-output>
  </reporter-output>
  <suite started-at="2022-09-08T11:43:37 IST" name="Default suite" finished-at="2022-09-08T11:44:01 IST" duration-ms="24201">
    <groups>
    </groups>
    <test started-at="2022-09-08T11:43:37 IST" name="Default test" finished-at="2022-09-08T11:44:01 IST" duration-ms="24201">
      <class name="com.RestAssuredUsingFramework.test.EndToEndScrenarioTest">
        <test-method signature="enetoend()[pri:0, instance:com.RestAssuredUsingFramework.test.EndToEndScrenarioTest@71238fc2]" started-at="2022-09-08T11:43:37 IST" name="enetoend" finished-at="2022-09-08T11:44:01 IST" duration-ms="24133" status="PASS">
          <reporter-output>
          </reporter-output>
        </test-method> <!-- enetoend -->
      </class> <!-- com.RestAssuredUsingFramework.test.EndToEndScrenarioTest -->
    </test> <!-- Default test -->
  </suite> <!-- Default suite -->
</testng-results>
